

Processing EditorController#menu (for 121.245.54.82 at 2008-09-29 14:05:04) [POST]
  Session ID: BAh7BzoMY3NyZl9pZCIlMjQyZWI3ZjZmOTE4Yzk3NTJiMjAwN2ViYTk2OGE0
MzQiCmZsYXNoSUM6J0FjdGlvbkNvbnRyb2xsZXI6OkZsYXNoOjpGbGFzaEhh
c2h7AAY6CkB1c2VkewA=--2feaaa96f89cae35a67beaea709f2a88f44b1cd6
  Parameters: {"authenticity_token"=>"0887049a3d6e2fe01172695fd207ad92734e8e91", "action"=>"menu", "id"=>"m2", "controller"=>"editor"}
Rendered layouts/_submenu (0.00020)
Completed in 0.00358 (279 reqs/sec) | Rendering: 0.00146 (40%) | DB: 0.00000 (0%) | 200 OK [http://adva-cms.rkhack.com/editor/menu/m2]


Processing EditorController#index (for 121.245.54.82 at 2008-09-29 14:06:28) [GET]
  Session ID: BAh7BzoMY3NyZl9pZCIlMjQyZWI3ZjZmOTE4Yzk3NTJiMjAwN2ViYTk2OGE0
MzQiCmZsYXNoSUM6J0FjdGlvbkNvbnRyb2xsZXI6OkZsYXNoOjpGbGFzaEhh
c2h7AAY6CkB1c2VkewA=--2feaaa96f89cae35a67beaea709f2a88f44b1cd6
  Parameters: {"action"=>"index", "controller"=>"editor"}
Rendering template within layouts/application
Rendering editor/index
Rendered editor/_pool (0.00001)
Rendered layouts/_menu (0.00286)
Completed in 0.01328 (75 reqs/sec) | Rendering: 0.01113 (83%) | DB: 0.00000 (0%) | 200 OK [http://adva-cms.rkhack.com/editor]


Processing EditorController#menu (for 121.245.54.82 at 2008-09-29 14:06:47) [POST]
  Session ID: BAh7BzoMY3NyZl9pZCIlMjQyZWI3ZjZmOTE4Yzk3NTJiMjAwN2ViYTk2OGE0
MzQiCmZsYXNoSUM6J0FjdGlvbkNvbnRyb2xsZXI6OkZsYXNoOjpGbGFzaEhh
c2h7AAY6CkB1c2VkewA=--2feaaa96f89cae35a67beaea709f2a88f44b1cd6
  Parameters: {"authenticity_token"=>"0887049a3d6e2fe01172695fd207ad92734e8e91", "action"=>"menu", "id"=>"m2", "controller"=>"editor"}
Rendered layouts/_submenu (0.00020)
Completed in 0.00355 (281 reqs/sec) | Rendering: 0.00147 (41%) | DB: 0.00000 (0%) | 200 OK [http://adva-cms.rkhack.com/editor/menu/m2]


Processing EditorController#menu (for 121.245.54.82 at 2008-09-29 14:06:58) [POST]
  Session ID: BAh7BzoMY3NyZl9pZCIlMjQyZWI3ZjZmOTE4Yzk3NTJiMjAwN2ViYTk2OGE0
MzQiCmZsYXNoSUM6J0FjdGlvbkNvbnRyb2xsZXI6OkZsYXNoOjpGbGFzaEhh
c2h7AAY6CkB1c2VkewA=--2feaaa96f89cae35a67beaea709f2a88f44b1cd6
  Parameters: {"authenticity_token"=>"0887049a3d6e2fe01172695fd207ad92734e8e91", "action"=>"menu", "id"=>"m3", "controller"=>"editor"}
Rendered layouts/_submenu (0.00020)
Completed in 0.00352 (284 reqs/sec) | Rendering: 0.00146 (41%) | DB: 0.00000 (0%) | 200 OK [http://adva-cms.rkhack.com/editor/menu/m3]


Processing EditorController#menu (for 121.245.54.82 at 2008-09-29 14:07:07) [POST]
  Session ID: BAh7BzoMY3NyZl9pZCIlMjQyZWI3ZjZmOTE4Yzk3NTJiMjAwN2ViYTk2OGE0
MzQiCmZsYXNoSUM6J0FjdGlvbkNvbnRyb2xsZXI6OkZsYXNoOjpGbGFzaEhh
c2h7AAY6CkB1c2VkewA=--2feaaa96f89cae35a67beaea709f2a88f44b1cd6
  Parameters: {"authenticity_token"=>"0887049a3d6e2fe01172695fd207ad92734e8e91", "action"=>"menu", "id"=>"m4", "controller"=>"editor"}
Rendered layouts/_submenu (0.00024)
Completed in 0.00404 (247 reqs/sec) | Rendering: 0.00169 (41%) | DB: 0.00000 (0%) | 200 OK [http://adva-cms.rkhack.com/editor/menu/m4]


Processing EditorController#menu (for 121.245.54.82 at 2008-09-29 14:07:16) [POST]
  Session ID: BAh7BzoMY3NyZl9pZCIlMjQyZWI3ZjZmOTE4Yzk3NTJiMjAwN2ViYTk2OGE0
MzQiCmZsYXNoSUM6J0FjdGlvbkNvbnRyb2xsZXI6OkZsYXNoOjpGbGFzaEhh
c2h7AAY6CkB1c2VkewA=--2feaaa96f89cae35a67beaea709f2a88f44b1cd6
  Parameters: {"authenticity_token"=>"0887049a3d6e2fe01172695fd207ad92734e8e91", "action"=>"menu", "id"=>"m5", "controller"=>"editor"}
Rendered layouts/_submenu (0.00023)
Completed in 0.00401 (249 reqs/sec) | Rendering: 0.00169 (42%) | DB: 0.00000 (0%) | 200 OK [http://adva-cms.rkhack.com/editor/menu/m5]


Processing EditorController#menu (for 121.245.54.82 at 2008-09-29 14:07:30) [POST]
  Session ID: BAh7BzoMY3NyZl9pZCIlMjQyZWI3ZjZmOTE4Yzk3NTJiMjAwN2ViYTk2OGE0
MzQiCmZsYXNoSUM6J0FjdGlvbkNvbnRyb2xsZXI6OkZsYXNoOjpGbGFzaEhh
c2h7AAY6CkB1c2VkewA=--2feaaa96f89cae35a67beaea709f2a88f44b1cd6
  Parameters: {"authenticity_token"=>"0887049a3d6e2fe01172695fd207ad92734e8e91", "action"=>"menu", "id"=>"m6", "controller"=>"editor"}
Rendered layouts/_submenu (0.00021)
Completed in 0.00344 (290 reqs/sec) | Rendering: 0.00141 (41%) | DB: 0.00000 (0%) | 200 OK [http://adva-cms.rkhack.com/editor/menu/m6]


Processing EditorController#pool (for 121.245.54.82 at 2008-09-29 14:07:44) [POST]
  Session ID: BAh7BzoMY3NyZl9pZCIlMjQyZWI3ZjZmOTE4Yzk3NTJiMjAwN2ViYTk2OGE0
MzQiCmZsYXNoSUM6J0FjdGlvbkNvbnRyb2xsZXI6OkZsYXNoOjpGbGFzaEhh
c2h7AAY6CkB1c2VkewA=--2feaaa96f89cae35a67beaea709f2a88f44b1cd6
  Parameters: {"authenticity_token"=>"0887049a3d6e2fe01172695fd207ad92734e8e91", "action"=>"pool", "controller"=>"editor"}
Rendered editor/_pool (0.00002)
Completed in 0.00366 (273 reqs/sec) | Rendering: 0.00141 (38%) | DB: 0.00000 (0%) | 200 OK [http://adva-cms.rkhack.com/editor/pool]


Processing EditorController#menu (for 121.245.54.82 at 2008-09-29 14:09:02) [POST]
  Session ID: BAh7BzoMY3NyZl9pZCIlMjQyZWI3ZjZmOTE4Yzk3NTJiMjAwN2ViYTk2OGE0
MzQiCmZsYXNoSUM6J0FjdGlvbkNvbnRyb2xsZXI6OkZsYXNoOjpGbGFzaEhh
c2h7AAY6CkB1c2VkewA=--2feaaa96f89cae35a67beaea709f2a88f44b1cd6
  Parameters: {"authenticity_token"=>"0887049a3d6e2fe01172695fd207ad92734e8e91", "action"=>"menu", "id"=>"m5", "controller"=>"editor"}
Rendered layouts/_submenu (0.00024)
Completed in 0.00407 (245 reqs/sec) | Rendering: 0.00174 (42%) | DB: 0.00000 (0%) | 200 OK [http://adva-cms.rkhack.com/editor/menu/m5]


Processing EditorController#menu (for 121.245.54.82 at 2008-09-29 14:09:48) [POST]
  Session ID: BAh7BzoMY3NyZl9pZCIlMjQyZWI3ZjZmOTE4Yzk3NTJiMjAwN2ViYTk2OGE0
MzQiCmZsYXNoSUM6J0FjdGlvbkNvbnRyb2xsZXI6OkZsYXNoOjpGbGFzaEhh
c2h7AAY6CkB1c2VkewA=--2feaaa96f89cae35a67beaea709f2a88f44b1cd6
  Parameters: {"authenticity_token"=>"0887049a3d6e2fe01172695fd207ad92734e8e91", "action"=>"menu", "id"=>"m8", "controller"=>"editor"}
Rendered layouts/_submenu (0.00021)
Completed in 0.00362 (276 reqs/sec) | Rendering: 0.00151 (41%) | DB: 0.00000 (0%) | 200 OK [http://adva-cms.rkhack.com/editor/menu/m8]


Processing EditorController#index (for 121.245.54.82 at 2008-09-29 14:10:36) [GET]
  Session ID: BAh7BzoMY3NyZl9pZCIlMjQyZWI3ZjZmOTE4Yzk3NTJiMjAwN2ViYTk2OGE0
MzQiCmZsYXNoSUM6J0FjdGlvbkNvbnRyb2xsZXI6OkZsYXNoOjpGbGFzaEhh
c2h7AAY6CkB1c2VkewA=--2feaaa96f89cae35a67beaea709f2a88f44b1cd6
  Parameters: {"action"=>"index", "controller"=>"editor"}
Rendering template within layouts/application
Rendering editor/index
Rendered editor/_pool (0.00001)
Rendered layouts/_menu (0.00283)
Completed in 0.01317 (75 reqs/sec) | Rendering: 0.01107 (84%) | DB: 0.00000 (0%) | 200 OK [http://adva-cms.rkhack.com/editor]


Processing EditorController#index (for 121.245.54.82 at 2008-09-29 14:11:27) [GET]
  Session ID: BAh7BzoMY3NyZl9pZCIlMjQyZWI3ZjZmOTE4Yzk3NTJiMjAwN2ViYTk2OGE0
MzQiCmZsYXNoSUM6J0FjdGlvbkNvbnRyb2xsZXI6OkZsYXNoOjpGbGFzaEhh
c2h7AAY6CkB1c2VkewA=--2feaaa96f89cae35a67beaea709f2a88f44b1cd6
  Parameters: {"action"=>"index", "controller"=>"editor"}
Rendering template within layouts/application
Rendering editor/index
Rendered editor/_pool (0.00001)
Rendered layouts/_menu (0.00239)
Completed in 0.01152 (86 reqs/sec) | Rendering: 0.00961 (83%) | DB: 0.00000 (0%) | 200 OK [http://adva-cms.rkhack.com/editor]
